<?xml version="1.0" encoding="UTF-8"?>
<!-- Generated by org.testng.reporters.JUnitReportReporter -->
<testsuite skipped="0" hostname="IN2070121W2" name="com.qa.testcases.LoginTest" tests="3" failures="0" timestamp="22 Jan 2019 01:24:54 GMT" time="118.904" errors="0">
  <testcase name="loginTest" time="37.372" classname="com.qa.testcases.LoginTest"/>
  <testcase name="loginTest" time="37.767" classname="com.qa.testcases.LoginTest"/>
  <testcase name="loginTest" time="43.765" classname="com.qa.testcases.LoginTest"/>
</testsuite> <!-- com.qa.testcases.LoginTest -->
