<?xml version="1.0" encoding="UTF-8"?>
<!-- Generated by org.testng.reporters.JUnitReportReporter -->
<testsuite skipped="0" hostname="IN2070121W2" name="com.qa.rough.TestCase2" tests="1" failures="0" timestamp="20 Jan 2019 03:52:20 GMT" time="41.211" errors="0">
  <testcase name="doLogin" time="41.211" classname="com.qa.rough.TestCase2"/>
</testsuite> <!-- com.qa.rough.TestCase2 -->
