<?xml version="1.0" encoding="UTF-8"?>
<!-- Generated by org.testng.reporters.JUnitReportReporter -->
<testsuite skipped="0" hostname="IN2070121W2" name="com.qa.testcases.TestCase2" tests="1" failures="0" timestamp="20 Jan 2019 05:58:53 GMT" time="38.424" errors="0">
  <testcase name="doLogin" time="38.424" classname="com.qa.testcases.TestCase2"/>
</testsuite> <!-- com.qa.testcases.TestCase2 -->
