<?xml version="1.0" encoding="UTF-8"?>
<!-- Generated by org.testng.reporters.JUnitReportReporter -->
<testsuite skipped="0" hostname="IN2070121W2" name="com.qa.testcases.TestCase1" tests="2" failures="0" timestamp="20 Jan 2019 05:58:53 GMT" time="85.143" errors="0">
  <testcase name="doLogin" time="46.059" classname="com.qa.testcases.TestCase1"/>
  <testcase name="doLogin" time="39.084" classname="com.qa.testcases.TestCase1"/>
</testsuite> <!-- com.qa.testcases.TestCase1 -->
