<?xml version="1.0" encoding="UTF-8"?>
<!-- Generated by org.testng.reporters.JUnitReportReporter -->
<testsuite skipped="0" hostname="IN2070121W2" name="com.qa.rough.TestCase1" tests="2" failures="0" timestamp="20 Jan 2019 03:52:20 GMT" time="91.221" errors="0">
  <testcase name="doLogin" time="41.143" classname="com.qa.rough.TestCase1"/>
  <testcase name="doLogin" time="50.078" classname="com.qa.rough.TestCase1"/>
</testsuite> <!-- com.qa.rough.TestCase1 -->
